Base path: E:/Program Files/Unity/Editor/Data
Pipe name: \\.\pipe\UnityShaderCompiler-4-13344
Cmd: getPlatforms
Cmd: compileSnippet
  api=0 type=0 insize=4259 outsize=436 kw=DIRECTIONAL LIGHTMAP_ON DIRLIGHTMAP_OFF ok=1
Cmd: compileSnippet
  api=8 type=0 insize=4259 outsize=2048 kw=DIRECTIONAL LIGHTMAP_ON DIRLIGHTMAP_OFF ok=1
Cmd: compileSnippet
  api=8 type=0 insize=4259 outsize=2048 kw=DIRECTIONAL LIGHTMAP_ON DIRLIGHTMAP_ON ok=1
Cmd: compileSnippet
  api=8 type=0 insize=4259 outsize=6582 kw=DIRECTIONAL LIGHTMAP_OFF DIRLIGHTMAP_OFF VERTEXLIGHT_ON ok=1
Cmd: compileSnippet
  api=8 type=1 insize=4259 outsize=1950 kw=DIRECTIONAL LIGHTMAP_OFF DIRLIGHTMAP_OFF ok=1
Cmd: compileSnippet
  api=4 type=1 insize=4259 outsize=1128 kw=DIRECTIONAL LIGHTMAP_ON DIRLIGHTMAP_OFF ok=1
Cmd: compileSnippet
  api=4 type=1 insize=4259 outsize=1128 kw=DIRECTIONAL LIGHTMAP_ON DIRLIGHTMAP_ON ok=1
Cmd: compileSnippet
  api=0 type=0 insize=2280 outsize=560 kw=DIRECTIONAL ok=1
Cmd: compileSnippet
  api=1 type=0 insize=2280 outsize=402 kw=SPOT ok=1
Cmd: compileSnippet
  api=1 type=0 insize=2280 outsize=383 kw=POINT_COOKIE ok=1
Cmd: compileSnippet
  api=0 type=0 insize=2280 outsize=775 kw=DIRECTIONAL_COOKIE ok=1
Cmd: compileSnippet
  api=8 type=0 insize=2280 outsize=3632 kw=DIRECTIONAL_COOKIE ok=1
Cmd: compileSnippet
  api=8 type=1 insize=2280 outsize=2397 kw=POINT ok=1
Cmd: compileSnippet
  api=8 type=1 insize=2280 outsize=1796 kw=DIRECTIONAL ok=1
Cmd: compileSnippet
  api=0 type=1 insize=2280 outsize=630 kw=POINT_COOKIE ok=1
Cmd: compileSnippet
  api=8 type=1 insize=2280 outsize=2673 kw=POINT_COOKIE ok=1
Cmd: compileSnippet
  api=0 type=0 insize=4230 outsize=436 kw=DIRECTIONAL SHADOWS_OFF LIGHTMAP_ON DIRLIGHTMAP_OFF ok=1
Cmd: compileSnippet
  api=4 type=0 insize=4230 outsize=1493 kw=DIRECTIONAL SHADOWS_OFF LIGHTMAP_ON DIRLIGHTMAP_OFF ok=1
Cmd: compileSnippet
  api=1 type=0 insize=4230 outsize=190 kw=DIRECTIONAL SHADOWS_OFF LIGHTMAP_ON DIRLIGHTMAP_ON ok=1
Cmd: compileSnippet
  api=4 type=0 insize=4230 outsize=2997 kw=DIRECTIONAL SHADOWS_SCREEN LIGHTMAP_OFF DIRLIGHTMAP_OFF ok=1
Cmd: compileSnippet
  api=1 type=0 insize=4230 outsize=319 kw=DIRECTIONAL SHADOWS_SCREEN LIGHTMAP_ON DIRLIGHTMAP_OFF ok=1
Cmd: compileSnippet
  api=0 type=0 insize=4230 outsize=540 kw=DIRECTIONAL SHADOWS_SCREEN LIGHTMAP_ON DIRLIGHTMAP_ON ok=1
Cmd: compileSnippet
  api=0 type=0 insize=4230 outsize=1566 kw=DIRECTIONAL SHADOWS_OFF LIGHTMAP_OFF DIRLIGHTMAP_OFF VERTEXLIGHT_ON ok=1
Cmd: compileSnippet
  api=0 type=0 insize=4230 outsize=1693 kw=DIRECTIONAL SHADOWS_SCREEN LIGHTMAP_OFF DIRLIGHTMAP_OFF VERTEXLIGHT_ON ok=1
Cmd: compileSnippet
  api=8 type=0 insize=4230 outsize=7150 kw=DIRECTIONAL SHADOWS_SCREEN LIGHTMAP_OFF DIRLIGHTMAP_OFF VERTEXLIGHT_ON ok=1
Cmd: compileSnippet
  api=1 type=1 insize=4230 outsize=285 kw=DIRECTIONAL SHADOWS_OFF LIGHTMAP_OFF DIRLIGHTMAP_OFF ok=1
Cmd: compileSnippet
  api=1 type=1 insize=4230 outsize=225 kw=DIRECTIONAL SHADOWS_OFF LIGHTMAP_ON DIRLIGHTMAP_OFF ok=1
Cmd: compileSnippet
  api=8 type=1 insize=4230 outsize=1658 kw=DIRECTIONAL SHADOWS_OFF LIGHTMAP_ON DIRLIGHTMAP_OFF ok=1
Cmd: compileSnippet
  api=0 type=1 insize=4230 outsize=456 kw=DIRECTIONAL SHADOWS_SCREEN LIGHTMAP_OFF DIRLIGHTMAP_OFF ok=1
Cmd: compileSnippet
  api=4 type=1 insize=4230 outsize=1567 kw=DIRECTIONAL SHADOWS_SCREEN LIGHTMAP_OFF DIRLIGHTMAP_OFF ok=1
Cmd: compileSnippet
  api=4 type=1 insize=4230 outsize=1672 kw=DIRECTIONAL SHADOWS_SCREEN LIGHTMAP_ON DIRLIGHTMAP_OFF ok=1
Cmd: compileSnippet
  api=1 type=1 insize=4230 outsize=385 kw=DIRECTIONAL SHADOWS_SCREEN LIGHTMAP_ON DIRLIGHTMAP_ON ok=1
Cmd: compileSnippet
  api=8 type=1 insize=4230 outsize=2511 kw=DIRECTIONAL SHADOWS_SCREEN LIGHTMAP_ON DIRLIGHTMAP_ON ok=1
Cmd: compileSnippet
  api=0 type=0 insize=2269 outsize=560 kw=DIRECTIONAL ok=1
Cmd: compileSnippet
  api=4 type=0 insize=2269 outsize=1851 kw=DIRECTIONAL ok=1
Cmd: compileSnippet
  api=0 type=0 insize=2269 outsize=854 kw=SPOT ok=1
Cmd: compileSnippet
  api=8 type=0 insize=2269 outsize=4128 kw=SPOT ok=1
Cmd: compileSnippet
  api=4 type=0 insize=2269 outsize=2542 kw=DIRECTIONAL_COOKIE ok=1
Cmd: compileSnippet
  api=8 type=0 insize=2269 outsize=3632 kw=DIRECTIONAL_COOKIE ok=1
Cmd: compileSnippet
  api=1 type=1 insize=2269 outsize=418 kw=POINT ok=1
Cmd: compileSnippet
  api=4 type=1 insize=2269 outsize=1193 kw=DIRECTIONAL ok=1
Cmd: compileSnippet
  api=1 type=1 insize=2269 outsize=572 kw=SPOT ok=1
Cmd: compileSnippet
  api=1 type=1 insize=2269 outsize=466 kw=POINT_COOKIE ok=1
Cmd: compileSnippet
  api=8 type=1 insize=2269 outsize=2698 kw=POINT_COOKIE ok=1
Cmd: compileSnippet
  api=1 type=0 insize=1797 outsize=190 kw= ok=1
Cmd: compileSnippet
  api=8 type=1 insize=1797 outsize=918 kw= ok=1
Cmd: compileSnippet
  api=8 type=0 insize=3982 outsize=4242 kw=LIGHTMAP_OFF DIRLIGHTMAP_OFF HDR_LIGHT_PREPASS_OFF ok=1
Cmd: compileSnippet
  api=8 type=0 insize=3982 outsize=4177 kw=LIGHTMAP_ON DIRLIGHTMAP_OFF HDR_LIGHT_PREPASS_OFF ok=1
Cmd: compileSnippet
  api=8 type=0 insize=3982 outsize=2665 kw=LIGHTMAP_ON DIRLIGHTMAP_ON HDR_LIGHT_PREPASS_OFF ok=1
Cmd: compileSnippet
  api=4 type=0 insize=3982 outsize=2883 kw=LIGHTMAP_OFF DIRLIGHTMAP_OFF HDR_LIGHT_PREPASS_ON ok=1
Cmd: compileSnippet
  api=4 type=0 insize=3982 outsize=2883 kw=LIGHTMAP_ON DIRLIGHTMAP_OFF HDR_LIGHT_PREPASS_ON ok=1
Cmd: compileSnippet
  api=0 type=0 insize=3982 outsize=534 kw=LIGHTMAP_ON DIRLIGHTMAP_ON HDR_LIGHT_PREPASS_ON ok=1
Cmd: compileSnippet
  api=0 type=1 insize=3982 outsize=696 kw=LIGHTMAP_ON DIRLIGHTMAP_OFF HDR_LIGHT_PREPASS_OFF ok=1
Cmd: compileSnippet
  api=8 type=1 insize=3982 outsize=1731 kw=LIGHTMAP_OFF DIRLIGHTMAP_OFF HDR_LIGHT_PREPASS_ON ok=1
Cmd: compileSnippet
  api=8 type=1 insize=3982 outsize=3104 kw=LIGHTMAP_ON DIRLIGHTMAP_OFF HDR_LIGHT_PREPASS_ON ok=1
Unhandled exception: Readfile from pipe failed. GLE=管道已结束。


Quitting shader compiler process
